TN:
SF:app.js
FN:11,(anonymous_0)
FNF:1
FNH:0
FNDA:0,(anonymous_0)
DA:2,1
DA:3,1
DA:4,1
DA:7,1
DA:10,1
DA:11,1
DA:12,0
DA:15,1
DA:16,1
LF:9
LH:8
BRF:0
BRH:0
end_of_record
TN:
SF:controllers\bookController.js
FN:4,(anonymous_0)
FN:22,(anonymous_1)
FN:46,(anonymous_2)
FN:63,(anonymous_3)
FN:84,(anonymous_4)
FNF:5
FNH:5
FNDA:1,(anonymous_0)
FNDA:1,(anonymous_1)
FNDA:2,(anonymous_2)
FNDA:1,(anonymous_3)
FNDA:1,(anonymous_4)
DA:1,1
DA:4,1
DA:5,1
DA:6,1
DA:7,1
DA:15,0
DA:22,1
DA:23,1
DA:24,1
DA:25,0
DA:30,1
DA:32,1
DA:39,0
DA:46,1
DA:47,2
DA:48,2
DA:49,1
DA:56,1
DA:63,1
DA:64,1
DA:65,1
DA:69,1
DA:77,0
DA:84,1
DA:85,1
DA:86,1
DA:87,1
DA:93,0
LF:28
LH:23
BRDA:24,0,0,0
BRDA:24,0,1,1
BRF:2
BRH:1
end_of_record
TN:
SF:models\book-model.js
FNF:0
FNH:0
DA:2,1
DA:4,1
DA:7,1
DA:19,1
LF:4
LH:4
BRF:0
BRH:0
end_of_record
TN:
SF:routes\book-router.js
FNF:0
FNH:0
DA:1,1
DA:2,1
DA:3,1
DA:5,1
DA:7,1
DA:9,1
DA:11,1
DA:13,1
DA:16,1
LF:9
LH:9
BRF:0
BRH:0
end_of_record
